Started GET "/login" for ::1 at 2019-06-06 03:34:28 -0400
  [1m[35m (0.1ms)[0m  [1m[34mSELECT "schema_migrations"."version" FROM "schema_migrations" ORDER BY "schema_migrations"."version" ASC[0m
Processing by SessionsController#new as HTML
  [1m[36mUser Load (0.1ms)[0m  [1m[34mSELECT "users".* FROM "users"[0m
  Rendering sessions/new.html.erb within layouts/application
  Rendered sessions/new.html.erb within layouts/application (334.7ms)
  [1m[36mUser Load (0.1ms)[0m  [1m[34mSELECT "users".* FROM "users"[0m
  [1m[36mUser Load (0.1ms)[0m  [1m[34mSELECT "users".* FROM "users"[0m
  Rendered partials/_nav.html.erb (1.5ms)
  Rendered partials/_footer.html.erb (0.2ms)
Completed 200 OK in 12776ms (Views: 12744.8ms | ActiveRecord: 0.7ms)


Started GET "/about/index" for ::1 at 2019-06-06 03:35:06 -0400
  
ActionController::RoutingError (No route matches [GET] "/about/index"):
  
actionpack (5.1.7) lib/action_dispatch/middleware/debug_exceptions.rb:63:in `call'
rack-contrib (2.1.0) lib/rack/contrib/response_headers.rb:17:in `call'
meta_request (0.7.0) lib/meta_request/middlewares/headers.rb:16:in `call'
web-console (3.7.0) lib/web_console/middleware.rb:135:in `call_app'
web-console (3.7.0) lib/web_console/middleware.rb:30:in `block in call'
web-console (3.7.0) lib/web_console/middleware.rb:20:in `catch'
web-console (3.7.0) lib/web_console/middleware.rb:20:in `call'
actionpack (5.1.7) lib/action_dispatch/middleware/show_exceptions.rb:31:in `call'
railties (5.1.7) lib/rails/rack/logger.rb:36:in `call_app'
railties (5.1.7) lib/rails/rack/logger.rb:24:in `block in call'
activesupport (5.1.7) lib/active_support/tagged_logging.rb:69:in `block in tagged'
activesupport (5.1.7) lib/active_support/tagged_logging.rb:26:in `tagged'
activesupport (5.1.7) lib/active_support/tagged_logging.rb:69:in `tagged'
railties (5.1.7) lib/rails/rack/logger.rb:24:in `call'
sprockets-rails (3.2.1) lib/sprockets/rails/quiet_assets.rb:13:in `call'
actionpack (5.1.7) lib/action_dispatch/middleware/remote_ip.rb:79:in `call'
actionpack (5.1.7) lib/action_dispatch/middleware/request_id.rb:25:in `call'
rack (2.0.7) lib/rack/method_override.rb:22:in `call'
rack (2.0.7) lib/rack/runtime.rb:22:in `call'
activesupport (5.1.7) lib/active_support/cache/strategy/local_cache_middleware.rb:27:in `call'
actionpack (5.1.7) lib/action_dispatch/middleware/executor.rb:12:in `call'
actionpack (5.1.7) lib/action_dispatch/middleware/static.rb:125:in `call'
rack (2.0.7) lib/rack/sendfile.rb:111:in `call'
webpacker (4.0.7) lib/webpacker/dev_server_proxy.rb:29:in `perform_request'
rack-proxy (0.6.5) lib/rack/proxy.rb:57:in `call'
railties (5.1.7) lib/rails/engine.rb:522:in `call'
puma (3.12.1) lib/puma/configuration.rb:227:in `call'
puma (3.12.1) lib/puma/server.rb:660:in `handle_request'
puma (3.12.1) lib/puma/server.rb:474:in `process_client'
puma (3.12.1) lib/puma/server.rb:334:in `block in run'
puma (3.12.1) lib/puma/thread_pool.rb:135:in `block in spawn_thread'
Started GET "/parent_view/index" for ::1 at 2019-06-06 03:35:11 -0400
Processing by ParentViewController#index as HTML
  [1m[36mUser Load (0.2ms)[0m  [1m[34mSELECT "users".* FROM "users"[0m
  Rendering parent_view/index.html.erb within layouts/application
  Rendered parent_view/index.html.erb within layouts/application (0.2ms)
  [1m[36mCACHE User Load (0.0ms)[0m  [1m[34mSELECT "users".* FROM "users"[0m
  [1m[36mCACHE User Load (0.0ms)[0m  [1m[34mSELECT "users".* FROM "users"[0m
  Rendered partials/_nav.html.erb (1.9ms)
  Rendered partials/_footer.html.erb (0.2ms)
Completed 200 OK in 104ms (Views: 101.5ms | ActiveRecord: 0.2ms)


Started GET "/login" for ::1 at 2019-06-06 03:37:00 -0400
Processing by SessionsController#new as HTML
  [1m[36mUser Load (0.2ms)[0m  [1m[34mSELECT "users".* FROM "users"[0m
  Rendering sessions/new.html.erb within layouts/application
  Rendered sessions/new.html.erb within layouts/application (2.5ms)
  [1m[36mCACHE User Load (0.0ms)[0m  [1m[34mSELECT "users".* FROM "users"[0m
  [1m[36mCACHE User Load (0.0ms)[0m  [1m[34mSELECT "users".* FROM "users"[0m
  Rendered partials/_nav.html.erb (2.5ms)
  Rendered partials/_footer.html.erb (0.2ms)
Completed 200 OK in 4845ms (Views: 4842.7ms | ActiveRecord: 0.2ms)


Started GET "/login" for ::1 at 2019-06-06 03:38:10 -0400
Processing by SessionsController#new as HTML
  [1m[36mUser Load (0.2ms)[0m  [1m[34mSELECT "users".* FROM "users"[0m
  Rendering sessions/new.html.erb within layouts/application
  Rendered sessions/new.html.erb within layouts/application (2.2ms)
  [1m[36mCACHE User Load (0.0ms)[0m  [1m[34mSELECT "users".* FROM "users"[0m
  [1m[36mCACHE User Load (0.0ms)[0m  [1m[34mSELECT "users".* FROM "users"[0m
  Rendered partials/_nav.html.erb (1.7ms)
  Rendered partials/_footer.html.erb (0.2ms)
Completed 200 OK in 4851ms (Views: 4848.8ms | ActiveRecord: 0.2ms)


Started GET "/login" for ::1 at 2019-06-06 03:39:42 -0400
Processing by SessionsController#new as HTML
  [1m[36mUser Load (0.2ms)[0m  [1m[34mSELECT "users".* FROM "users"[0m
  Rendering sessions/new.html.erb within layouts/application
  Rendered sessions/new.html.erb within layouts/application (2.2ms)
  [1m[36mCACHE User Load (0.0ms)[0m  [1m[34mSELECT "users".* FROM "users"[0m
  [1m[36mCACHE User Load (0.0ms)[0m  [1m[34mSELECT "users".* FROM "users"[0m
  Rendered partials/_nav.html.erb (1.5ms)
  Rendered partials/_footer.html.erb (0.2ms)
Completed 200 OK in 4909ms (Views: 4906.0ms | ActiveRecord: 0.2ms)


Started GET "/login" for ::1 at 2019-06-06 03:40:27 -0400
Processing by SessionsController#new as HTML
  [1m[36mUser Load (0.2ms)[0m  [1m[34mSELECT "users".* FROM "users"[0m
  Rendering sessions/new.html.erb within layouts/application
  Rendered sessions/new.html.erb within layouts/application (2.4ms)
  [1m[36mCACHE User Load (0.0ms)[0m  [1m[34mSELECT "users".* FROM "users"[0m
  [1m[36mCACHE User Load (0.0ms)[0m  [1m[34mSELECT "users".* FROM "users"[0m
  Rendered partials/_nav.html.erb (1.8ms)
  Rendered partials/_footer.html.erb (0.3ms)
Completed 200 OK in 5194ms (Views: 5191.9ms | ActiveRecord: 0.2ms)


Started GET "/users/new" for ::1 at 2019-06-06 03:40:38 -0400
Processing by UsersController#new as HTML
  [1m[36mUser Load (0.2ms)[0m  [1m[34mSELECT "users".* FROM "users"[0m
  Rendering users/new.html.erb within layouts/application
  [1m[36mCACHE User Load (0.0ms)[0m  [1m[34mSELECT "users".* FROM "users"[0m
  Rendered users/_form.html.erb (40.6ms)
  Rendered users/new.html.erb within layouts/application (41.7ms)
  [1m[36mCACHE User Load (0.0ms)[0m  [1m[34mSELECT "users".* FROM "users"[0m
  [1m[36mCACHE User Load (0.0ms)[0m  [1m[34mSELECT "users".* FROM "users"[0m
  Rendered partials/_nav.html.erb (1.5ms)
  Rendered partials/_footer.html.erb (0.3ms)
Completed 200 OK in 140ms (Views: 136.2ms | ActiveRecord: 0.3ms)


Started GET "/users/images/Landing.png" for ::1 at 2019-06-06 03:40:39 -0400
  
ActionController::RoutingError (No route matches [GET] "/users/images/Landing.png"):
  
actionpack (5.1.7) lib/action_dispatch/middleware/debug_exceptions.rb:63:in `call'
rack-contrib (2.1.0) lib/rack/contrib/response_headers.rb:17:in `call'
meta_request (0.7.0) lib/meta_request/middlewares/headers.rb:16:in `call'
web-console (3.7.0) lib/web_console/middleware.rb:135:in `call_app'
web-console (3.7.0) lib/web_console/middleware.rb:30:in `block in call'
web-console (3.7.0) lib/web_console/middleware.rb:20:in `catch'
web-console (3.7.0) lib/web_console/middleware.rb:20:in `call'
actionpack (5.1.7) lib/action_dispatch/middleware/show_exceptions.rb:31:in `call'
railties (5.1.7) lib/rails/rack/logger.rb:36:in `call_app'
railties (5.1.7) lib/rails/rack/logger.rb:24:in `block in call'
activesupport (5.1.7) lib/active_support/tagged_logging.rb:69:in `block in tagged'
activesupport (5.1.7) lib/active_support/tagged_logging.rb:26:in `tagged'
activesupport (5.1.7) lib/active_support/tagged_logging.rb:69:in `tagged'
railties (5.1.7) lib/rails/rack/logger.rb:24:in `call'
sprockets-rails (3.2.1) lib/sprockets/rails/quiet_assets.rb:13:in `call'
actionpack (5.1.7) lib/action_dispatch/middleware/remote_ip.rb:79:in `call'
actionpack (5.1.7) lib/action_dispatch/middleware/request_id.rb:25:in `call'
rack (2.0.7) lib/rack/method_override.rb:22:in `call'
rack (2.0.7) lib/rack/runtime.rb:22:in `call'
activesupport (5.1.7) lib/active_support/cache/strategy/local_cache_middleware.rb:27:in `call'
actionpack (5.1.7) lib/action_dispatch/middleware/executor.rb:12:in `call'
actionpack (5.1.7) lib/action_dispatch/middleware/static.rb:125:in `call'
rack (2.0.7) lib/rack/sendfile.rb:111:in `call'
webpacker (4.0.7) lib/webpacker/dev_server_proxy.rb:29:in `perform_request'
rack-proxy (0.6.5) lib/rack/proxy.rb:57:in `call'
railties (5.1.7) lib/rails/engine.rb:522:in `call'
puma (3.12.1) lib/puma/configuration.rb:227:in `call'
puma (3.12.1) lib/puma/server.rb:660:in `handle_request'
puma (3.12.1) lib/puma/server.rb:474:in `process_client'
puma (3.12.1) lib/puma/server.rb:334:in `block in run'
puma (3.12.1) lib/puma/thread_pool.rb:135:in `block in spawn_thread'
Started GET "/login" for ::1 at 2019-06-06 03:40:42 -0400
Processing by SessionsController#new as HTML
  [1m[36mUser Load (0.2ms)[0m  [1m[34mSELECT "users".* FROM "users"[0m
  Rendering sessions/new.html.erb within layouts/application
  Rendered sessions/new.html.erb within layouts/application (2.5ms)
  [1m[36mCACHE User Load (0.0ms)[0m  [1m[34mSELECT "users".* FROM "users"[0m
  [1m[36mCACHE User Load (0.0ms)[0m  [1m[34mSELECT "users".* FROM "users"[0m
  Rendered partials/_nav.html.erb (2.3ms)
  Rendered partials/_footer.html.erb (0.2ms)
Completed 200 OK in 131ms (Views: 128.3ms | ActiveRecord: 0.2ms)


Started GET "/login" for ::1 at 2019-06-06 03:40:50 -0400
Processing by SessionsController#new as HTML
  [1m[36mUser Load (0.1ms)[0m  [1m[34mSELECT "users".* FROM "users"[0m
  Rendering sessions/new.html.erb within layouts/application
  Rendered sessions/new.html.erb within layouts/application (2.7ms)
  [1m[36mCACHE User Load (0.0ms)[0m  [1m[34mSELECT "users".* FROM "users"[0m
  [1m[36mCACHE User Load (0.0ms)[0m  [1m[34mSELECT "users".* FROM "users"[0m
  Rendered partials/_nav.html.erb (1.8ms)
  Rendered partials/_footer.html.erb (0.2ms)
Completed 200 OK in 103ms (Views: 100.9ms | ActiveRecord: 0.2ms)


Started POST "/login" for ::1 at 2019-06-06 03:41:04 -0400
Processing by SessionsController#create as HTML
  Parameters: {"utf8"=>"✓", "authenticity_token"=>"AiulkL5PGuFAjFkk4x2B3g24ongar1fN6t+Vv5EtdOmBXkXWy5s4Tf5nFUPB69yPRUUe0ouQoiPJDz7dy0+IxQ==", "username"=>"", "password"=>"[FILTERED]", "commit"=>"Log In"}
  [1m[36mUser Load (0.2ms)[0m  [1m[34mSELECT "users".* FROM "users"[0m
  [1m[36mUser Load (0.3ms)[0m  [1m[34mSELECT  "users".* FROM "users" WHERE "users"."username" = ? LIMIT ?[0m  [["username", ""], ["LIMIT", 1]]
  Rendering sessions/new.html.erb within layouts/application
  Rendered sessions/new.html.erb within layouts/application (1.7ms)
  [1m[36mCACHE User Load (0.0ms)[0m  [1m[34mSELECT "users".* FROM "users"[0m
  [1m[36mCACHE User Load (0.0ms)[0m  [1m[34mSELECT "users".* FROM "users"[0m
  Rendered partials/_nav.html.erb (1.3ms)
  Rendered partials/_footer.html.erb (0.2ms)
Completed 200 OK in 152ms (Views: 146.2ms | ActiveRecord: 0.5ms)


Started GET "/login" for ::1 at 2019-06-06 03:41:15 -0400
Processing by SessionsController#new as HTML
  [1m[36mUser Load (0.2ms)[0m  [1m[34mSELECT "users".* FROM "users"[0m
  Rendering sessions/new.html.erb within layouts/application
  Rendered sessions/new.html.erb within layouts/application (2.5ms)
  [1m[36mCACHE User Load (0.0ms)[0m  [1m[34mSELECT "users".* FROM "users"[0m
  [1m[36mCACHE User Load (0.0ms)[0m  [1m[34mSELECT "users".* FROM "users"[0m
  Rendered partials/_nav.html.erb (1.7ms)
  Rendered partials/_footer.html.erb (0.2ms)
Completed 200 OK in 102ms (Views: 99.6ms | ActiveRecord: 0.2ms)


Started GET "/" for ::1 at 2019-06-06 03:41:24 -0400
Processing by LandingController#index as HTML
  [1m[36mUser Load (0.2ms)[0m  [1m[34mSELECT "users".* FROM "users"[0m
  Rendering landing/index.html.erb within layouts/application
  Rendered landing/index.html.erb within layouts/application (3.5ms)
  [1m[36mCACHE User Load (0.0ms)[0m  [1m[34mSELECT "users".* FROM "users"[0m
  [1m[36mCACHE User Load (0.0ms)[0m  [1m[34mSELECT "users".* FROM "users"[0m
  Rendered partials/_nav.html.erb (2.0ms)
  Rendered partials/_footer.html.erb (0.2ms)
Completed 200 OK in 103ms (Views: 100.2ms | ActiveRecord: 0.3ms)


Started GET "/" for ::1 at 2019-06-06 03:41:28 -0400
Processing by LandingController#index as HTML
  [1m[36mUser Load (0.2ms)[0m  [1m[34mSELECT "users".* FROM "users"[0m
  Rendering landing/index.html.erb within layouts/application
  Rendered landing/index.html.erb within layouts/application (2.4ms)
  [1m[36mCACHE User Load (0.0ms)[0m  [1m[34mSELECT "users".* FROM "users"[0m
  [1m[36mCACHE User Load (0.0ms)[0m  [1m[34mSELECT "users".* FROM "users"[0m
  Rendered partials/_nav.html.erb (1.9ms)
  Rendered partials/_footer.html.erb (0.2ms)
Completed 200 OK in 102ms (Views: 99.3ms | ActiveRecord: 0.2ms)


Started GET "/login" for ::1 at 2019-06-06 03:41:30 -0400
Processing by SessionsController#new as HTML
  [1m[36mUser Load (0.2ms)[0m  [1m[34mSELECT "users".* FROM "users"[0m
  Rendering sessions/new.html.erb within layouts/application
  Rendered sessions/new.html.erb within layouts/application (2.7ms)
  [1m[36mCACHE User Load (0.0ms)[0m  [1m[34mSELECT "users".* FROM "users"[0m
  [1m[36mCACHE User Load (0.0ms)[0m  [1m[34mSELECT "users".* FROM "users"[0m
  Rendered partials/_nav.html.erb (2.2ms)
  Rendered partials/_footer.html.erb (0.2ms)
Completed 200 OK in 177ms (Views: 174.3ms | ActiveRecord: 0.2ms)


Started GET "/" for ::1 at 2019-06-06 03:41:37 -0400
Processing by LandingController#index as HTML
  [1m[36mUser Load (0.3ms)[0m  [1m[34mSELECT "users".* FROM "users"[0m
  Rendering landing/index.html.erb within layouts/application
  Rendered landing/index.html.erb within layouts/application (2.6ms)
  [1m[36mCACHE User Load (0.0ms)[0m  [1m[34mSELECT "users".* FROM "users"[0m
  [1m[36mCACHE User Load (0.0ms)[0m  [1m[34mSELECT "users".* FROM "users"[0m
  Rendered partials/_nav.html.erb (2.2ms)
  Rendered partials/_footer.html.erb (0.2ms)
Completed 200 OK in 109ms (Views: 106.0ms | ActiveRecord: 0.4ms)


Started GET "/login" for ::1 at 2019-06-06 03:41:39 -0400
Processing by SessionsController#new as HTML
  [1m[36mUser Load (0.3ms)[0m  [1m[34mSELECT "users".* FROM "users"[0m
  Rendering sessions/new.html.erb within layouts/application
  Rendered sessions/new.html.erb within layouts/application (2.6ms)
  [1m[36mCACHE User Load (0.0ms)[0m  [1m[34mSELECT "users".* FROM "users"[0m
  [1m[36mCACHE User Load (0.0ms)[0m  [1m[34mSELECT "users".* FROM "users"[0m
  Rendered partials/_nav.html.erb (2.5ms)
  Rendered partials/_footer.html.erb (0.2ms)
Completed 200 OK in 110ms (Views: 107.3ms | ActiveRecord: 0.3ms)


Started GET "/about/index" for ::1 at 2019-06-06 03:41:51 -0400
  
ActionController::RoutingError (No route matches [GET] "/about/index"):
  
actionpack (5.1.7) lib/action_dispatch/middleware/debug_exceptions.rb:63:in `call'
rack-contrib (2.1.0) lib/rack/contrib/response_headers.rb:17:in `call'
meta_request (0.7.0) lib/meta_request/middlewares/headers.rb:16:in `call'
web-console (3.7.0) lib/web_console/middleware.rb:135:in `call_app'
web-console (3.7.0) lib/web_console/middleware.rb:30:in `block in call'
web-console (3.7.0) lib/web_console/middleware.rb:20:in `catch'
web-console (3.7.0) lib/web_console/middleware.rb:20:in `call'
actionpack (5.1.7) lib/action_dispatch/middleware/show_exceptions.rb:31:in `call'
railties (5.1.7) lib/rails/rack/logger.rb:36:in `call_app'
railties (5.1.7) lib/rails/rack/logger.rb:24:in `block in call'
activesupport (5.1.7) lib/active_support/tagged_logging.rb:69:in `block in tagged'
activesupport (5.1.7) lib/active_support/tagged_logging.rb:26:in `tagged'
activesupport (5.1.7) lib/active_support/tagged_logging.rb:69:in `tagged'
railties (5.1.7) lib/rails/rack/logger.rb:24:in `call'
sprockets-rails (3.2.1) lib/sprockets/rails/quiet_assets.rb:13:in `call'
actionpack (5.1.7) lib/action_dispatch/middleware/remote_ip.rb:79:in `call'
actionpack (5.1.7) lib/action_dispatch/middleware/request_id.rb:25:in `call'
rack (2.0.7) lib/rack/method_override.rb:22:in `call'
rack (2.0.7) lib/rack/runtime.rb:22:in `call'
activesupport (5.1.7) lib/active_support/cache/strategy/local_cache_middleware.rb:27:in `call'
actionpack (5.1.7) lib/action_dispatch/middleware/executor.rb:12:in `call'
actionpack (5.1.7) lib/action_dispatch/middleware/static.rb:125:in `call'
rack (2.0.7) lib/rack/sendfile.rb:111:in `call'
webpacker (4.0.7) lib/webpacker/dev_server_proxy.rb:29:in `perform_request'
rack-proxy (0.6.5) lib/rack/proxy.rb:57:in `call'
railties (5.1.7) lib/rails/engine.rb:522:in `call'
puma (3.12.1) lib/puma/configuration.rb:227:in `call'
puma (3.12.1) lib/puma/server.rb:660:in `handle_request'
puma (3.12.1) lib/puma/server.rb:474:in `process_client'
puma (3.12.1) lib/puma/server.rb:334:in `block in run'
puma (3.12.1) lib/puma/thread_pool.rb:135:in `block in spawn_thread'
Started GET "/parent_view/index" for ::1 at 2019-06-06 03:41:57 -0400
Processing by ParentViewController#index as HTML
  [1m[36mUser Load (0.2ms)[0m  [1m[34mSELECT "users".* FROM "users"[0m
  Rendering parent_view/index.html.erb within layouts/application
  Rendered parent_view/index.html.erb within layouts/application (0.3ms)
  [1m[36mCACHE User Load (0.0ms)[0m  [1m[34mSELECT "users".* FROM "users"[0m
  [1m[36mCACHE User Load (0.0ms)[0m  [1m[34mSELECT "users".* FROM "users"[0m
  Rendered partials/_nav.html.erb (2.1ms)
  Rendered partials/_footer.html.erb (0.2ms)
Completed 200 OK in 100ms (Views: 98.2ms | ActiveRecord: 0.2ms)


Started GET "/parent_view/index" for ::1 at 2019-06-06 03:42:56 -0400
Processing by ParentViewController#index as HTML
  [1m[36mUser Load (0.2ms)[0m  [1m[34mSELECT "users".* FROM "users"[0m
  Rendering parent_view/index.html.erb within layouts/application
  Rendered parent_view/index.html.erb within layouts/application (0.3ms)
  [1m[36mCACHE User Load (0.0ms)[0m  [1m[34mSELECT "users".* FROM "users"[0m
  [1m[36mCACHE User Load (0.0ms)[0m  [1m[34mSELECT "users".* FROM "users"[0m
  Rendered partials/_nav.html.erb (1.8ms)
  Rendered partials/_footer.html.erb (0.2ms)
Completed 200 OK in 157ms (Views: 155.0ms | ActiveRecord: 0.2ms)


Started GET "/parent_view/index" for ::1 at 2019-06-06 03:43:26 -0400
Processing by ParentViewController#index as HTML
  [1m[36mUser Load (0.2ms)[0m  [1m[34mSELECT "users".* FROM "users"[0m
  Rendering parent_view/index.html.erb within layouts/application
  Rendered parent_view/index.html.erb within layouts/application (0.3ms)
  [1m[36mCACHE User Load (0.0ms)[0m  [1m[34mSELECT "users".* FROM "users"[0m
  [1m[36mCACHE User Load (0.0ms)[0m  [1m[34mSELECT "users".* FROM "users"[0m
  Rendered partials/_nav.html.erb (1.8ms)
  Rendered partials/_footer.html.erb (0.2ms)
Completed 200 OK in 111ms (Views: 108.2ms | ActiveRecord: 0.2ms)


Started GET "/parent_view/index" for ::1 at 2019-06-06 03:43:35 -0400
Processing by ParentViewController#index as HTML
  [1m[36mUser Load (0.2ms)[0m  [1m[34mSELECT "users".* FROM "users"[0m
  Rendering parent_view/index.html.erb within layouts/application
  Rendered parent_view/index.html.erb within layouts/application (0.3ms)
  [1m[36mCACHE User Load (0.0ms)[0m  [1m[34mSELECT "users".* FROM "users"[0m
  [1m[36mCACHE User Load (0.0ms)[0m  [1m[34mSELECT "users".* FROM "users"[0m
  Rendered partials/_nav.html.erb (1.7ms)
  Rendered partials/_footer.html.erb (0.2ms)
Completed 200 OK in 100ms (Views: 97.5ms | ActiveRecord: 0.2ms)


Started GET "/parent_view/index" for ::1 at 2019-06-06 03:43:37 -0400
Processing by ParentViewController#index as HTML
  [1m[36mUser Load (0.2ms)[0m  [1m[34mSELECT "users".* FROM "users"[0m
  Rendering parent_view/index.html.erb within layouts/application
  Rendered parent_view/index.html.erb within layouts/application (0.3ms)
  [1m[36mCACHE User Load (0.0ms)[0m  [1m[34mSELECT "users".* FROM "users"[0m
  [1m[36mCACHE User Load (0.0ms)[0m  [1m[34mSELECT "users".* FROM "users"[0m
  Rendered partials/_nav.html.erb (1.9ms)
  Rendered partials/_footer.html.erb (0.3ms)
Completed 200 OK in 109ms (Views: 106.5ms | ActiveRecord: 0.2ms)


Started GET "/parent_view/index" for ::1 at 2019-06-06 03:43:38 -0400
Processing by ParentViewController#index as HTML
  [1m[36mUser Load (0.2ms)[0m  [1m[34mSELECT "users".* FROM "users"[0m
  Rendering parent_view/index.html.erb within layouts/application
  Rendered parent_view/index.html.erb within layouts/application (0.3ms)
  [1m[36mCACHE User Load (0.0ms)[0m  [1m[34mSELECT "users".* FROM "users"[0m
  [1m[36mCACHE User Load (0.0ms)[0m  [1m[34mSELECT "users".* FROM "users"[0m
  Rendered partials/_nav.html.erb (2.1ms)
  Rendered partials/_footer.html.erb (0.4ms)
Completed 200 OK in 112ms (Views: 108.9ms | ActiveRecord: 0.2ms)


Started GET "/parent_view/index" for ::1 at 2019-06-06 03:45:18 -0400
Processing by ParentViewController#index as HTML
  [1m[36mUser Load (0.2ms)[0m  [1m[34mSELECT "users".* FROM "users"[0m
  Rendering parent_view/index.html.erb within layouts/application
  Rendered parent_view/index.html.erb within layouts/application (0.3ms)
  [1m[36mCACHE User Load (0.0ms)[0m  [1m[34mSELECT "users".* FROM "users"[0m
  [1m[36mCACHE User Load (0.0ms)[0m  [1m[34mSELECT "users".* FROM "users"[0m
  Rendered partials/_nav.html.erb (1.8ms)
  Rendered partials/_footer.html.erb (0.3ms)
Completed 200 OK in 214ms (Views: 211.9ms | ActiveRecord: 0.2ms)


Started GET "/parent_view/index" for ::1 at 2019-06-06 03:45:21 -0400
Processing by ParentViewController#index as HTML
  [1m[36mUser Load (0.2ms)[0m  [1m[34mSELECT "users".* FROM "users"[0m
  Rendering parent_view/index.html.erb within layouts/application
  Rendered parent_view/index.html.erb within layouts/application (0.3ms)
  [1m[36mCACHE User Load (0.0ms)[0m  [1m[34mSELECT "users".* FROM "users"[0m
  [1m[36mCACHE User Load (0.0ms)[0m  [1m[34mSELECT "users".* FROM "users"[0m
  Rendered partials/_nav.html.erb (1.8ms)
  Rendered partials/_footer.html.erb (0.4ms)
Completed 200 OK in 105ms (Views: 102.6ms | ActiveRecord: 0.2ms)


Started GET "/parent_view/index" for ::1 at 2019-06-06 03:45:22 -0400
Processing by ParentViewController#index as HTML
  [1m[36mUser Load (0.2ms)[0m  [1m[34mSELECT "users".* FROM "users"[0m
  Rendering parent_view/index.html.erb within layouts/application
  Rendered parent_view/index.html.erb within layouts/application (0.4ms)
  [1m[36mCACHE User Load (0.0ms)[0m  [1m[34mSELECT "users".* FROM "users"[0m
  [1m[36mCACHE User Load (0.0ms)[0m  [1m[34mSELECT "users".* FROM "users"[0m
  Rendered partials/_nav.html.erb (1.9ms)
  Rendered partials/_footer.html.erb (0.2ms)
Completed 200 OK in 108ms (Views: 105.9ms | ActiveRecord: 0.2ms)


Started GET "/parent_view/index" for ::1 at 2019-06-06 03:45:26 -0400
Processing by ParentViewController#index as HTML
  [1m[36mUser Load (0.2ms)[0m  [1m[34mSELECT "users".* FROM "users"[0m
  Rendering parent_view/index.html.erb within layouts/application
  Rendered parent_view/index.html.erb within layouts/application (0.3ms)
  [1m[36mCACHE User Load (0.0ms)[0m  [1m[34mSELECT "users".* FROM "users"[0m
  [1m[36mCACHE User Load (0.0ms)[0m  [1m[34mSELECT "users".* FROM "users"[0m
  Rendered partials/_nav.html.erb (1.8ms)
  Rendered partials/_footer.html.erb (0.3ms)
Completed 200 OK in 98ms (Views: 96.1ms | ActiveRecord: 0.2ms)


Started GET "/parent_view/index" for ::1 at 2019-06-06 03:45:35 -0400
Processing by ParentViewController#index as HTML
  [1m[36mUser Load (0.2ms)[0m  [1m[34mSELECT "users".* FROM "users"[0m
  Rendering parent_view/index.html.erb within layouts/application
  Rendered parent_view/index.html.erb within layouts/application (0.4ms)
  [1m[36mCACHE User Load (0.0ms)[0m  [1m[34mSELECT "users".* FROM "users"[0m
  [1m[36mCACHE User Load (0.0ms)[0m  [1m[34mSELECT "users".* FROM "users"[0m
  Rendered partials/_nav.html.erb (1.9ms)
  Rendered partials/_footer.html.erb (0.2ms)
Completed 200 OK in 157ms (Views: 154.6ms | ActiveRecord: 0.2ms)


Started GET "/parent_view/index" for ::1 at 2019-06-06 03:45:36 -0400
Processing by ParentViewController#index as HTML
  [1m[36mUser Load (0.2ms)[0m  [1m[34mSELECT "users".* FROM "users"[0m
  Rendering parent_view/index.html.erb within layouts/application
  Rendered parent_view/index.html.erb within layouts/application (0.3ms)
  [1m[36mCACHE User Load (0.0ms)[0m  [1m[34mSELECT "users".* FROM "users"[0m
  [1m[36mCACHE User Load (0.0ms)[0m  [1m[34mSELECT "users".* FROM "users"[0m
  Rendered partials/_nav.html.erb (1.9ms)
  Rendered partials/_footer.html.erb (0.2ms)
Completed 200 OK in 97ms (Views: 94.8ms | ActiveRecord: 0.2ms)


Started GET "/parent_view/index" for ::1 at 2019-06-06 03:45:38 -0400
Processing by ParentViewController#index as HTML
  [1m[36mUser Load (0.1ms)[0m  [1m[34mSELECT "users".* FROM "users"[0m
  Rendering parent_view/index.html.erb within layouts/application
  Rendered parent_view/index.html.erb within layouts/application (0.4ms)
  [1m[36mCACHE User Load (0.0ms)[0m  [1m[34mSELECT "users".* FROM "users"[0m
  [1m[36mCACHE User Load (0.0ms)[0m  [1m[34mSELECT "users".* FROM "users"[0m
  Rendered partials/_nav.html.erb (1.7ms)
  Rendered partials/_footer.html.erb (0.2ms)
Completed 200 OK in 101ms (Views: 99.2ms | ActiveRecord: 0.2ms)


Started GET "/parent_view/index" for ::1 at 2019-06-06 03:45:38 -0400
Processing by ParentViewController#index as HTML
  [1m[36mUser Load (0.2ms)[0m  [1m[34mSELECT "users".* FROM "users"[0m
  Rendering parent_view/index.html.erb within layouts/application
  Rendered parent_view/index.html.erb within layouts/application (0.4ms)
  [1m[36mCACHE User Load (0.0ms)[0m  [1m[34mSELECT "users".* FROM "users"[0m
  [1m[36mCACHE User Load (0.0ms)[0m  [1m[34mSELECT "users".* FROM "users"[0m
  Rendered partials/_nav.html.erb (1.9ms)
  Rendered partials/_footer.html.erb (0.2ms)
Completed 200 OK in 104ms (Views: 101.7ms | ActiveRecord: 0.2ms)


Started GET "/parent_view/index" for ::1 at 2019-06-06 03:45:39 -0400
Processing by ParentViewController#index as HTML
  [1m[36mUser Load (0.2ms)[0m  [1m[34mSELECT "users".* FROM "users"[0m
  Rendering parent_view/index.html.erb within layouts/application
  Rendered parent_view/index.html.erb within layouts/application (0.4ms)
  [1m[36mCACHE User Load (0.0ms)[0m  [1m[34mSELECT "users".* FROM "users"[0m
  [1m[36mCACHE User Load (0.0ms)[0m  [1m[34mSELECT "users".* FROM "users"[0m
  Rendered partials/_nav.html.erb (2.2ms)
  Rendered partials/_footer.html.erb (0.2ms)
Completed 200 OK in 108ms (Views: 105.1ms | ActiveRecord: 0.2ms)


Started GET "/parent_view/index" for ::1 at 2019-06-06 03:45:40 -0400
Processing by ParentViewController#index as HTML
  [1m[36mUser Load (0.2ms)[0m  [1m[34mSELECT "users".* FROM "users"[0m
  Rendering parent_view/index.html.erb within layouts/application
  Rendered parent_view/index.html.erb within layouts/application (0.4ms)
  [1m[36mCACHE User Load (0.0ms)[0m  [1m[34mSELECT "users".* FROM "users"[0m
  [1m[36mCACHE User Load (0.0ms)[0m  [1m[34mSELECT "users".* FROM "users"[0m
  Rendered partials/_nav.html.erb (62.4ms)
  Rendered partials/_footer.html.erb (0.2ms)
Completed 200 OK in 157ms (Views: 154.9ms | ActiveRecord: 0.2ms)


Started GET "/parent_view/index" for ::1 at 2019-06-06 03:45:45 -0400
Processing by ParentViewController#index as HTML
  [1m[36mUser Load (0.3ms)[0m  [1m[34mSELECT "users".* FROM "users"[0m
  Rendering parent_view/index.html.erb within layouts/application
  Rendered parent_view/index.html.erb within layouts/application (0.5ms)
  [1m[36mCACHE User Load (0.0ms)[0m  [1m[34mSELECT "users".* FROM "users"[0m
  [1m[36mCACHE User Load (0.0ms)[0m  [1m[34mSELECT "users".* FROM "users"[0m
  Rendered partials/_nav.html.erb (2.5ms)
  Rendered partials/_footer.html.erb (0.3ms)
Completed 200 OK in 112ms (Views: 108.8ms | ActiveRecord: 0.3ms)


Started GET "/login" for ::1 at 2019-06-06 03:45:47 -0400
Processing by SessionsController#new as HTML
  [1m[36mUser Load (0.2ms)[0m  [1m[34mSELECT "users".* FROM "users"[0m
  Rendering sessions/new.html.erb within layouts/application
  Rendered sessions/new.html.erb within layouts/application (2.7ms)
  [1m[36mCACHE User Load (0.0ms)[0m  [1m[34mSELECT "users".* FROM "users"[0m
  [1m[36mCACHE User Load (0.0ms)[0m  [1m[34mSELECT "users".* FROM "users"[0m
  Rendered partials/_nav.html.erb (2.0ms)
  Rendered partials/_footer.html.erb (0.2ms)
Completed 200 OK in 101ms (Views: 98.4ms | ActiveRecord: 0.3ms)


Started GET "/" for ::1 at 2019-06-06 03:45:48 -0400
Processing by LandingController#index as HTML
  [1m[36mUser Load (0.2ms)[0m  [1m[34mSELECT "users".* FROM "users"[0m
  Rendering landing/index.html.erb within layouts/application
  Rendered landing/index.html.erb within layouts/application (3.3ms)
  [1m[36mCACHE User Load (0.0ms)[0m  [1m[34mSELECT "users".* FROM "users"[0m
  [1m[36mCACHE User Load (0.0ms)[0m  [1m[34mSELECT "users".* FROM "users"[0m
  Rendered partials/_nav.html.erb (2.2ms)
  Rendered partials/_footer.html.erb (0.2ms)
Completed 200 OK in 103ms (Views: 100.6ms | ActiveRecord: 0.2ms)


Started GET "/login" for ::1 at 2019-06-06 03:45:50 -0400
Processing by SessionsController#new as HTML
  [1m[36mUser Load (0.2ms)[0m  [1m[34mSELECT "users".* FROM "users"[0m
  Rendering sessions/new.html.erb within layouts/application
  Rendered sessions/new.html.erb within layouts/application (2.8ms)
  [1m[36mCACHE User Load (0.0ms)[0m  [1m[34mSELECT "users".* FROM "users"[0m
  [1m[36mCACHE User Load (0.0ms)[0m  [1m[34mSELECT "users".* FROM "users"[0m
  Rendered partials/_nav.html.erb (1.9ms)
  Rendered partials/_footer.html.erb (0.3ms)
Completed 200 OK in 169ms (Views: 165.5ms | ActiveRecord: 0.2ms)


Started GET "/" for ::1 at 2019-06-06 03:45:51 -0400
Processing by LandingController#index as HTML
  [1m[36mUser Load (0.3ms)[0m  [1m[34mSELECT "users".* FROM "users"[0m
  Rendering landing/index.html.erb within layouts/application
  Rendered landing/index.html.erb within layouts/application (2.8ms)
  [1m[36mCACHE User Load (0.0ms)[0m  [1m[34mSELECT "users".* FROM "users"[0m
  [1m[36mCACHE User Load (0.0ms)[0m  [1m[34mSELECT "users".* FROM "users"[0m
  Rendered partials/_nav.html.erb (2.6ms)
  Rendered partials/_footer.html.erb (0.2ms)
Completed 200 OK in 115ms (Views: 112.6ms | ActiveRecord: 0.3ms)


